<?xml version="1.0" encoding="UTF-8"?>
<!-- Generated by org.testng.reporters.JUnitXMLReporter -->
<testsuite hostname="Navaneethan" ignored="1" name="Exception Test" tests="1" failures="0" timestamp="02 Jun 2020 08:10:40 GMT" time="17.464" errors="0">
  <testcase name="@BeforeMethod setUp" time="17.325" classname="com.herokuapp.theinternet.ExceptionTests">
    <failure type="org.openqa.selenium.SessionNotCreatedException" message="session not created: This version of ChromeDriver only supports Chrome version 80
Build info: version: &amp;apos;3.141.59&amp;apos;, revision: &amp;apos;e82be7d358&amp;apos;, time: &amp;apos;2018-11-14T08:17:03&amp;apos;
System info: host: &amp;apos;NAVANEETHAN&amp;apos;, ip: &amp;apos;192.168.173.1&amp;apos;, os.name: &amp;apos;Windows 10&amp;apos;, os.arch: &amp;apos;amd64&amp;apos;, os.version: &amp;apos;10.0&amp;apos;, java.version: &amp;apos;1.8.0_202&amp;apos;
Driver info: driver.version: ChromeDriver
remote stacktrace: Backtrace:
	Ordinal0 [0x013B0C83+1707139]
	Ordinal0 [0x013168F1+1075441]
	Ordinal0 [0x0128DFC9+516041]
	Ordinal0 [0x01220554+66900]
	Ordinal0 [0x0121CCE2+52450]
	Ordinal0 [0x0123BFD7+180183]
	Ordinal0 [0x0123BDDD+179677]
	Ordinal0 [0x01239D4B+171339]
	Ordinal0 [0x01221D4A+73034]
	Ordinal0 [0x01222DC0+77248]
	Ordinal0 [0x01222D59+77145]
	Ordinal0 [0x0132BB67+1162087]
	GetHandleVerifier [0x0144A966+508998]
	GetHandleVerifier [0x0144A6A4+508292]
	GetHandleVerifier [0x0145F7B7+594583]
	GetHandleVerifier [0x0144B1D6+511158]
	Ordinal0 [0x0132402C+1130540]
	Ordinal0 [0x0132D4CB+1168587]
	Ordinal0 [0x0132D633+1168947]
	Ordinal0 [0x01345B35+1268533]
	BaseThreadInitThunk [0x74BA8654+36]
	RtlGetAppContainerNamedObjectPath [0x77D04A77+311]
	RtlGetAppContainerNamedObjectPath [0x77D04A47+263]
">
      <![CDATA[org.openqa.selenium.SessionNotCreatedException: session not created: This version of ChromeDriver only supports Chrome version 80
Build info: version: '3.141.59', revision: 'e82be7d358', time: '2018-11-14T08:17:03'
System info: host: 'NAVANEETHAN', ip: '192.168.173.1', os.name: 'Windows 10', os.arch: 'amd64', os.version: '10.0', java.version: '1.8.0_202'
Driver info: driver.version: ChromeDriver
remote stacktrace: Backtrace:
Ordinal0 [0x013B0C83+1707139]
Ordinal0 [0x013168F1+1075441]
Ordinal0 [0x0128DFC9+516041]
Ordinal0 [0x01220554+66900]
Ordinal0 [0x0121CCE2+52450]
Ordinal0 [0x0123BFD7+180183]
Ordinal0 [0x0123BDDD+179677]
Ordinal0 [0x01239D4B+171339]
Ordinal0 [0x01221D4A+73034]
Ordinal0 [0x01222DC0+77248]
Ordinal0 [0x01222D59+77145]
Ordinal0 [0x0132BB67+1162087]
GetHandleVerifier [0x0144A966+508998]
GetHandleVerifier [0x0144A6A4+508292]
GetHandleVerifier [0x0145F7B7+594583]
GetHandleVerifier [0x0144B1D6+511158]
Ordinal0 [0x0132402C+1130540]
Ordinal0 [0x0132D4CB+1168587]
Ordinal0 [0x0132D633+1168947]
Ordinal0 [0x01345B35+1268533]
BaseThreadInitThunk [0x74BA8654+36]
RtlGetAppContainerNamedObjectPath [0x77D04A77+311]
RtlGetAppContainerNamedObjectPath [0x77D04A47+263]

at org.openqa.selenium.remote.W3CHandshakeResponse.lambda$errorHandler$0(W3CHandshakeResponse.java:62)
at org.openqa.selenium.remote.HandshakeResponse.lambda$getResponseFunction$0(HandshakeResponse.java:30)
at org.openqa.selenium.remote.ProtocolHandshake.lambda$createSession$0(ProtocolHandshake.java:126)
at java.util.stream.ReferencePipeline$3$1.accept(ReferencePipeline.java:193)
at java.util.Spliterators$ArraySpliterator.tryAdvance(Spliterators.java:958)
at java.util.stream.ReferencePipeline.forEachWithCancel(ReferencePipeline.java:126)
at java.util.stream.AbstractPipeline.copyIntoWithCancel(AbstractPipeline.java:498)
at java.util.stream.AbstractPipeline.copyInto(AbstractPipeline.java:485)
at java.util.stream.AbstractPipeline.wrapAndCopyInto(AbstractPipeline.java:471)
at java.util.stream.FindOps$FindOp.evaluateSequential(FindOps.java:152)
at java.util.stream.AbstractPipeline.evaluate(AbstractPipeline.java:234)
at java.util.stream.ReferencePipeline.findFirst(ReferencePipeline.java:464)
at org.openqa.selenium.remote.ProtocolHandshake.createSession(ProtocolHandshake.java:128)
at org.openqa.selenium.remote.ProtocolHandshake.createSession(ProtocolHandshake.java:74)
at org.openqa.selenium.remote.HttpCommandExecutor.execute(HttpCommandExecutor.java:136)
at org.openqa.selenium.remote.service.DriverCommandExecutor.execute(DriverCommandExecutor.java:83)
at org.openqa.selenium.remote.RemoteWebDriver.execute(RemoteWebDriver.java:552)
at org.openqa.selenium.remote.RemoteWebDriver.startSession(RemoteWebDriver.java:213)
at org.openqa.selenium.remote.RemoteWebDriver.<init>(RemoteWebDriver.java:131)
at org.openqa.selenium.chrome.ChromeDriver.<init>(ChromeDriver.java:181)
at org.openqa.selenium.chrome.ChromeDriver.<init>(ChromeDriver.java:168)
at org.openqa.selenium.chrome.ChromeDriver.<init>(ChromeDriver.java:123)
at com.herokuapp.theinternet.ExceptionTests.setUp(ExceptionTests.java:28)
... Removed 32 stack frames]]>
    </failure>
  </testcase> <!-- @BeforeMethod setUp -->
  <testcase name="@AfterMethod tearDown" time="0.001" classname="com.herokuapp.theinternet.ExceptionTests">
    <failure type="java.lang.NullPointerException">
      <![CDATA[java.lang.NullPointerException
at com.herokuapp.theinternet.ExceptionTests.tearDown(ExceptionTests.java:117)
... Removed 28 stack frames]]>
    </failure>
  </testcase> <!-- @AfterMethod tearDown -->
  <testcase name="timeoutTest" time="0.0" classname="com.herokuapp.theinternet.ExceptionTests">
    <skipped/>
  </testcase> <!-- timeoutTest -->
  <testcase name="notVisibleTest" time="0.0" classname="com.herokuapp.theinternet.ExceptionTests">
    <ignored/>
  </testcase> <!-- notVisibleTest -->
</testsuite> <!-- Exception Test -->
